<?xml version="1.0" encoding="utf-8"?>
<!--This file represents the results of running a test suite-->
<test-results name="Unity Tests" total="26" errors="1" failures="0" not-run="0" inconclusive="23" ignored="0" skipped="0" invalid="0" date="2014-02-25" time="17:00:33">
  <environment nunit-version="2.6.2-Unity" clr-version="2.0.50727.1433" os-version="Microsoft Windows NT 6.2.9200.0" platform="Win32NT" cwd="D:\Skywatch\repos\Dict" machine-name="NOTEBOOK-HP" user="Mateus" user-domain="NOTEBOOK-HP" />
  <culture-info current-culture="en-US" current-uiculture="en-US" />
  <test-suite name="Unit Tests" type="Assembly" executed="True" result="Success" success="True" time="0.034">
    <results>
      <test-case name="JavaScriptUnitTests.JavaScriptTest" executed="False" result="Inconclusive">
        <reason>
          <message>
          </message>
        </reason>
      </test-case>
      <test-case name="UnityTest.BooUnitTests.BooTest" executed="False" result="Inconclusive">
        <reason>
          <message>
          </message>
        </reason>
      </test-case>
      <test-case name="DictUnitTests.ExceptionTest" executed="True" result="Success" success="True" time="0.013">
      </test-case>
      <test-case name="DictUnitTests.GetValueTest" executed="True" result="Success" success="True" time="0.011">
      </test-case>
      <test-case name="UnityTest.NSubstituteDemo.RegisteredEventListenersGetEvents" executed="False" result="Inconclusive">
        <reason>
          <message>
          </message>
        </reason>
      </test-case>
      <test-case name="UnityTest.SampleTests.CultureSpecificTest" executed="False" result="Inconclusive">
        <reason>
          <message>
          </message>
        </reason>
      </test-case>
      <test-case name="UnityTest.SampleTests.ExceptionTest" executed="False" result="Inconclusive">
        <reason>
          <message>
          </message>
        </reason>
      </test-case>
      <test-case name="UnityTest.SampleTests.ExpectedExceptionTest" executed="False" result="Inconclusive">
        <reason>
          <message>
          </message>
        </reason>
      </test-case>
      <test-case name="UnityTest.SampleTests.FailingTest" executed="False" result="Inconclusive">
        <reason>
          <message>
          </message>
        </reason>
      </test-case>
      <test-case name="UnityTest.SampleTests.IgnoredTest" executed="False" result="Inconclusive">
        <reason>
          <message>
          </message>
        </reason>
      </test-case>
      <test-case name="UnityTest.SampleTests.InconclusiveTest" executed="False" result="Inconclusive">
        <reason>
          <message>
          </message>
        </reason>
      </test-case>
      <test-case name="UnityTest.SampleTests.ParameterizedTest(1)" executed="False" result="Inconclusive">
        <reason>
          <message>
          </message>
        </reason>
      </test-case>
      <test-case name="UnityTest.SampleTests.ParameterizedTest(2)" executed="False" result="Inconclusive">
        <reason>
          <message>
          </message>
        </reason>
      </test-case>
      <test-case name="UnityTest.SampleTests.ParameterizedTest(3)" executed="False" result="Inconclusive">
        <reason>
          <message>
          </message>
        </reason>
      </test-case>
      <test-case name="UnityTest.SampleTests.PassingTest" executed="False" result="Inconclusive">
        <reason>
          <message>
          </message>
        </reason>
      </test-case>
      <test-case name="UnityTest.SampleTests.RangeTest(1)" executed="False" result="Inconclusive">
        <reason>
          <message>
          </message>
        </reason>
      </test-case>
      <test-case name="UnityTest.SampleTests.RangeTest(4)" executed="False" result="Inconclusive">
        <reason>
          <message>
          </message>
        </reason>
      </test-case>
      <test-case name="UnityTest.SampleTests.RangeTest(7)" executed="False" result="Inconclusive">
        <reason>
          <message>
          </message>
        </reason>
      </test-case>
      <test-case name="UnityTest.SampleTests.RangeTest(10)" executed="False" result="Inconclusive">
        <reason>
          <message>
          </message>
        </reason>
      </test-case>
      <test-case name="UnityTest.SampleTests.SlowTest" executed="False" result="Inconclusive">
        <reason>
          <message>
          </message>
        </reason>
      </test-case>
      <test-case name="UnityTest.SampleTests.SquareRootDefinition(0.0d)" executed="False" result="Inconclusive">
        <reason>
          <message>
          </message>
        </reason>
      </test-case>
      <test-case name="UnityTest.SampleTests.SquareRootDefinition(1.0d)" executed="False" result="Inconclusive">
        <reason>
          <message>
          </message>
        </reason>
      </test-case>
      <test-case name="UnityTest.SampleTests.SquareRootDefinition(-1.0d)" executed="False" result="Inconclusive">
        <reason>
          <message>
          </message>
        </reason>
      </test-case>
      <test-case name="UnityTest.SampleTests.SquareRootDefinition(double.MaxValue)" executed="False" result="Inconclusive">
        <reason>
          <message>
          </message>
        </reason>
      </test-case>
      <test-case name="UnityTest.SampleTests.SquareRootDefinition(double.PositiveInfinity)" executed="False" result="Inconclusive">
        <reason>
          <message>
          </message>
        </reason>
      </test-case>
      <test-case name="DictUnitTests.TypeTests" executed="True" result="Error" success="False" time="0.010">
        <failure>
          <message>
<![CDATA[System.NullReferenceException : Object reference not set to an instance of an object]]>
          </message>
          <stack-trace>
<![CDATA[at DictUnitTests.TypeTests () [0x000e0] in D:\Skywatch\repos\Dict\Assets\Not Exported\tests\Editor\DictUnitTests.cs:89
]]>
          </stack-trace>
        </failure>
      </test-case>
    </results>
  </test-suite>
</test-results>
 [0x00000] in D:\Skywatch\repos\Dict\Assets\Not Exported\tests\Editor\DictUnitTests.cs:86 
  at NUnit.Framework.Constraints.ThrowsNothingConstraint.Matches (System.Object actual) [0x00000] in <filename unknown>:0 
]]>
          </message>
          <stack-trace>
<![CDATA[at DictUnitTests.TypeTests () [0x000b9] in D:\Skywatch\repos\Dict\Assets\Not Exported\tests\Editor\DictUnitTests.cs:84
]]>
          </stack-trace>
        </failure>
      </test-case>
    </results>
  </test-suite>
</test-results>
